[24/Sep/2022:21:10:23] (I): WordPress Instance Info:
[24/Sep/2022:21:10:23] (I): Home URL : http://localhost/eca
[24/Sep/2022:21:10:23] (I): Site URL : http://localhost/eca
[24/Sep/2022:21:10:23] (I): WordPress Version : 6.0.2
[24/Sep/2022:21:10:23] (I): Onboarding Version : 1.1.26
[24/Sep/2022:21:10:23] (I): Multisite : No
[24/Sep/2022:21:10:23] (I): Server Info : Apache/2.4.53 (Win64) OpenSSL/1.1.1n PHP/8.1.6
[24/Sep/2022:21:10:23] (I): PHP Version : 8.1.6
[24/Sep/2022:21:10:23] (I): HTTPS : No
[24/Sep/2022:21:10:23] (I): PHP Max Execution Time : 120
[24/Sep/2022:21:10:23] (I): PHP Max Input Vars : 1000
[24/Sep/2022:21:10:23] (I): Max Upload Size : 41943040
[24/Sep/2022:21:10:23] (I): Plugins:
[24/Sep/2022:21:10:23] (I): [PLUGIN] Charitable : v1.7.0.1 (Charitable Donations &amp; Fundraising Team)
[24/Sep/2022:21:10:23] (I): [PLUGIN] Contact Form 7 : v5.6.3 (Takayuki Miyoshi)
[24/Sep/2022:21:10:23] (I): [PLUGIN] KingComposer : v2.9.6 (King-Theme)
[24/Sep/2022:21:10:23] (I): [PLUGIN] Otter – Page Builder Blocks &amp; Extensions for Gutenberg : v2.0.14 (ThemeIsle)
[24/Sep/2022:21:10:23] (I): [PLUGIN] Slider Revolution : v6.5.25 (ThemePunch)
[24/Sep/2022:21:10:23] (I): [PLUGIN] Templates Patterns Collection : v1.1.26 (ThemeIsle)
[24/Sep/2022:21:10:23] (I): [PLUGIN] The Events Calendar : v6.0.1 (The Events Calendar)
[24/Sep/2022:21:10:23] (P): Saving remote XML
[24/Sep/2022:21:10:27] (S): Saved remote XML at path H:\OpenServer\htdocs\eca/wp-content/uploads/themeisle-demo-import.xml.
[24/Sep/2022:21:10:27] (P): Starting content import...
[24/Sep/2022:21:10:27] (S): Import started.
[24/Sep/2022:21:10:27] (S): Parsing XML file.
[24/Sep/2022:21:10:27] (P): Starting parsing file:H:\OpenServer\htdocs\eca/wp-content/uploads/themeisle-demo-import.xml
[24/Sep/2022:21:10:27] (P): Using WXR_Parser_SimpleXML...
[24/Sep/2022:21:10:27] (S): Parsed XML
[24/Sep/2022:21:10:27] (P): Processing categories...
[24/Sep/2022:21:10:27] (S): Processed categories.
[24/Sep/2022:21:10:27] (P): Processing tags...
[24/Sep/2022:21:10:27] (S): No tags to process.
[24/Sep/2022:21:10:27] (P): Processing terms...
[24/Sep/2022:21:10:28] (S): Processed terms.
[24/Sep/2022:21:10:28] (P): Processing posts...
[24/Sep/2022:21:10:28] (P): Processing attachment: https://s33834.pcdn.co/music-band-gb/wp-content/uploads/sites/482/2019/07/neve-band-01.jpg...
[24/Sep/2022:21:10:28] (P): Fetching attachment from url: https://s33834.pcdn.co/music-band-gb/wp-content/uploads/sites/482/2019/07/neve-band-01.jpg...
[24/Sep/2022:21:10:29] (S): Fetched remote attachment.
[24/Sep/2022:21:10:29] (P): Inserting attachment...
[24/Sep/2022:21:10:29] (S): Attachment inserted
[24/Sep/2022:21:10:30] (S): Processed attachment.
[24/Sep/2022:21:10:30] (P): Processing attachment: https://s33834.pcdn.co/music-band-gb/wp-content/uploads/sites/482/2019/07/neve-band-02.jpg...
[24/Sep/2022:21:10:30] (P): Fetching attachment from url: https://s33834.pcdn.co/music-band-gb/wp-content/uploads/sites/482/2019/07/neve-band-02.jpg...
[24/Sep/2022:21:10:31] (S): Fetched remote attachment.
[24/Sep/2022:21:10:31] (P): Inserting attachment...
[24/Sep/2022:21:10:31] (S): Attachment inserted
[24/Sep/2022:21:10:31] (S): Processed attachment.
[24/Sep/2022:21:10:31] (P): Processing attachment: https://s33834.pcdn.co/music-band-gb/wp-content/uploads/sites/482/2019/07/neve-band-03.jpg...
[24/Sep/2022:21:10:31] (P): Fetching attachment from url: https://s33834.pcdn.co/music-band-gb/wp-content/uploads/sites/482/2019/07/neve-band-03.jpg...
[24/Sep/2022:21:10:32] (S): Fetched remote attachment.
[24/Sep/2022:21:10:32] (P): Inserting attachment...
[24/Sep/2022:21:10:32] (S): Attachment inserted
[24/Sep/2022:21:10:33] (S): Processed attachment.
[24/Sep/2022:21:10:33] (P): Processing attachment: https://s33834.pcdn.co/music-band-gb/wp-content/uploads/sites/482/2019/07/neve-band-04.jpg...
[24/Sep/2022:21:10:33] (P): Fetching attachment from url: https://s33834.pcdn.co/music-band-gb/wp-content/uploads/sites/482/2019/07/neve-band-04.jpg...
[24/Sep/2022:21:10:33] (S): Fetched remote attachment.
[24/Sep/2022:21:10:33] (P): Inserting attachment...
[24/Sep/2022:21:10:34] (S): Attachment inserted
[24/Sep/2022:21:10:34] (S): Processed attachment.
[24/Sep/2022:21:10:34] (P): Processing attachment: https://s33834.pcdn.co/music-band-gb/wp-content/uploads/sites/482/2019/07/neve-band-05.jpg...
[24/Sep/2022:21:10:34] (P): Fetching attachment from url: https://s33834.pcdn.co/music-band-gb/wp-content/uploads/sites/482/2019/07/neve-band-05.jpg...
[24/Sep/2022:21:10:35] (S): Fetched remote attachment.
[24/Sep/2022:21:10:35] (P): Inserting attachment...
[24/Sep/2022:21:10:35] (S): Attachment inserted
[24/Sep/2022:21:10:35] (S): Processed attachment.
[24/Sep/2022:21:10:36] (P): Processing attachment: https://s33834.pcdn.co/music-band-gb/wp-content/uploads/sites/482/2019/07/neve-band-06.jpg...
[24/Sep/2022:21:10:36] (P): Fetching attachment from url: https://s33834.pcdn.co/music-band-gb/wp-content/uploads/sites/482/2019/07/neve-band-06.jpg...
[24/Sep/2022:21:10:37] (S): Fetched remote attachment.
[24/Sep/2022:21:10:37] (P): Inserting attachment...
[24/Sep/2022:21:10:37] (S): Attachment inserted
[24/Sep/2022:21:10:37] (S): Processed attachment.
[24/Sep/2022:21:10:37] (P): Processing attachment: https://s33834.pcdn.co/music-band-gb/wp-content/uploads/sites/482/2019/07/neve-band-07.jpg...
[24/Sep/2022:21:10:37] (P): Fetching attachment from url: https://s33834.pcdn.co/music-band-gb/wp-content/uploads/sites/482/2019/07/neve-band-07.jpg...
[24/Sep/2022:21:10:41] (S): Fetched remote attachment.
[24/Sep/2022:21:10:41] (P): Inserting attachment...
[24/Sep/2022:21:10:41] (S): Attachment inserted
[24/Sep/2022:21:10:41] (S): Processed attachment.
[24/Sep/2022:21:10:41] (P): Processing attachment: https://s33834.pcdn.co/music-band-gb/wp-content/uploads/sites/482/2019/07/neve-band-08.jpg...
[24/Sep/2022:21:10:41] (P): Fetching attachment from url: https://s33834.pcdn.co/music-band-gb/wp-content/uploads/sites/482/2019/07/neve-band-08.jpg...
[24/Sep/2022:21:10:43] (S): Fetched remote attachment.
[24/Sep/2022:21:10:43] (P): Inserting attachment...
[24/Sep/2022:21:10:43] (S): Attachment inserted
[24/Sep/2022:21:10:43] (S): Processed attachment.
[24/Sep/2022:21:10:43] (P): Processing attachment: https://s33834.pcdn.co/music-band-gb/wp-content/uploads/sites/482/2019/07/neve-band-09.jpg...
[24/Sep/2022:21:10:43] (P): Fetching attachment from url: https://s33834.pcdn.co/music-band-gb/wp-content/uploads/sites/482/2019/07/neve-band-09.jpg...
[24/Sep/2022:21:10:45] (S): Fetched remote attachment.
[24/Sep/2022:21:10:45] (P): Inserting attachment...
[24/Sep/2022:21:10:45] (S): Attachment inserted
[24/Sep/2022:21:10:45] (S): Processed attachment.
[24/Sep/2022:21:10:45] (P): Processing attachment: https://s33834.pcdn.co/music-band-gb/wp-content/uploads/sites/482/2019/07/annie-spratt-0ZPSX_mQ3xI-unsplash-1.jpg...
[24/Sep/2022:21:10:45] (P): Fetching attachment from url: https://s33834.pcdn.co/music-band-gb/wp-content/uploads/sites/482/2019/07/annie-spratt-0ZPSX_mQ3xI-unsplash-1.jpg...
[24/Sep/2022:21:10:46] (S): Fetched remote attachment.
[24/Sep/2022:21:10:46] (P): Inserting attachment...
[24/Sep/2022:21:10:47] (S): Attachment inserted
[24/Sep/2022:21:10:47] (S): Processed attachment.
[24/Sep/2022:21:10:47] (P): Processing attachment: https://s33834.pcdn.co/music-band-gb/wp-content/uploads/sites/482/2019/07/clark-van-der-beken-O8rDfC6F3TU-unsplash.jpg...
[24/Sep/2022:21:10:47] (P): Fetching attachment from url: https://s33834.pcdn.co/music-band-gb/wp-content/uploads/sites/482/2019/07/clark-van-der-beken-O8rDfC6F3TU-unsplash.jpg...
[24/Sep/2022:21:10:48] (S): Fetched remote attachment.
[24/Sep/2022:21:10:48] (P): Inserting attachment...
[24/Sep/2022:21:10:49] (S): Attachment inserted
[24/Sep/2022:21:10:49] (S): Processed attachment.
[24/Sep/2022:21:10:49] (P): Processing attachment: https://s33834.pcdn.co/music-band-gb/wp-content/uploads/sites/482/2019/07/dane-deaner-bIGJUpf6D-4-unsplash.jpg...
[24/Sep/2022:21:10:49] (P): Fetching attachment from url: https://s33834.pcdn.co/music-band-gb/wp-content/uploads/sites/482/2019/07/dane-deaner-bIGJUpf6D-4-unsplash.jpg...
[24/Sep/2022:21:10:50] (S): Fetched remote attachment.
[24/Sep/2022:21:10:50] (P): Inserting attachment...
[24/Sep/2022:21:10:50] (S): Attachment inserted
[24/Sep/2022:21:10:51] (S): Processed attachment.
[24/Sep/2022:21:10:51] (P): Processing attachment: https://s33834.pcdn.co/music-band-gb/wp-content/uploads/sites/482/2019/07/ed-zavala-BASyMFL4OQY-unsplash.jpg...
[24/Sep/2022:21:10:51] (P): Fetching attachment from url: https://s33834.pcdn.co/music-band-gb/wp-content/uploads/sites/482/2019/07/ed-zavala-BASyMFL4OQY-unsplash.jpg...
[24/Sep/2022:21:10:52] (S): Fetched remote attachment.
[24/Sep/2022:21:10:52] (P): Inserting attachment...
[24/Sep/2022:21:10:52] (S): Attachment inserted
[24/Sep/2022:21:10:52] (S): Processed attachment.
[24/Sep/2022:21:10:52] (P): Processing attachment: https://s33834.pcdn.co/music-band-gb/wp-content/uploads/sites/482/2019/07/efe-kurnaz-RnCPiXixooY-unsplash.jpg...
[24/Sep/2022:21:10:52] (P): Fetching attachment from url: https://s33834.pcdn.co/music-band-gb/wp-content/uploads/sites/482/2019/07/efe-kurnaz-RnCPiXixooY-unsplash.jpg...
[24/Sep/2022:21:10:54] (S): Fetched remote attachment.
[24/Sep/2022:21:10:54] (P): Inserting attachment...
[24/Sep/2022:21:10:54] (S): Attachment inserted
[24/Sep/2022:21:10:54] (S): Processed attachment.
[24/Sep/2022:21:10:54] (P): Processing attachment: https://s33834.pcdn.co/music-band-gb/wp-content/uploads/sites/482/2019/07/frankie-cordoba-IDdY5H8NcMI-unsplash.jpg...
[24/Sep/2022:21:10:54] (P): Fetching attachment from url: https://s33834.pcdn.co/music-band-gb/wp-content/uploads/sites/482/2019/07/frankie-cordoba-IDdY5H8NcMI-unsplash.jpg...
[24/Sep/2022:21:10:56] (S): Fetched remote attachment.
[24/Sep/2022:21:10:56] (P): Inserting attachment...
[24/Sep/2022:21:10:56] (S): Attachment inserted
[24/Sep/2022:21:10:56] (S): Processed attachment.
[24/Sep/2022:21:10:56] (P): Processing attachment: https://s33834.pcdn.co/music-band-gb/wp-content/uploads/sites/482/2019/07/matthew-kalapuch-sqJ4tLBiurw-unsplash.jpg...
[24/Sep/2022:21:10:56] (P): Fetching attachment from url: https://s33834.pcdn.co/music-band-gb/wp-content/uploads/sites/482/2019/07/matthew-kalapuch-sqJ4tLBiurw-unsplash.jpg...
[24/Sep/2022:21:10:57] (S): Fetched remote attachment.
[24/Sep/2022:21:10:57] (P): Inserting attachment...
[24/Sep/2022:21:10:57] (S): Attachment inserted
[24/Sep/2022:21:10:57] (S): Processed attachment.
[24/Sep/2022:21:10:57] (P): Processing attachment: https://s33834.pcdn.co/music-band-gb/wp-content/uploads/sites/482/2019/07/neve-band-08-1.jpg...
[24/Sep/2022:21:10:57] (P): Fetching attachment from url: https://s33834.pcdn.co/music-band-gb/wp-content/uploads/sites/482/2019/07/neve-band-08-1.jpg...
[24/Sep/2022:21:11:04] (S): Fetched remote attachment.
[24/Sep/2022:21:11:04] (P): Inserting attachment...
[24/Sep/2022:21:11:04] (S): Attachment inserted
[24/Sep/2022:21:11:04] (S): Processed attachment.
[24/Sep/2022:21:11:04] (P): Processing attachment: https://s33834.pcdn.co/music-band-gb/wp-content/uploads/sites/482/2019/07/neve-band-09-1.jpg...
[24/Sep/2022:21:11:04] (P): Fetching attachment from url: https://s33834.pcdn.co/music-band-gb/wp-content/uploads/sites/482/2019/07/neve-band-09-1.jpg...
[24/Sep/2022:21:11:06] (S): Fetched remote attachment.
[24/Sep/2022:21:11:06] (P): Inserting attachment...
[24/Sep/2022:21:11:06] (S): Attachment inserted
[24/Sep/2022:21:11:07] (S): Processed attachment.
[24/Sep/2022:21:11:07] (P): Processing attachment: https://s33834.pcdn.co/music-band-gb/wp-content/uploads/sites/482/2019/07/thomas-litangen-SP9HcRASMPE-unsplash.jpg...
[24/Sep/2022:21:11:07] (P): Fetching attachment from url: https://s33834.pcdn.co/music-band-gb/wp-content/uploads/sites/482/2019/07/thomas-litangen-SP9HcRASMPE-unsplash.jpg...
[24/Sep/2022:21:11:08] (S): Fetched remote attachment.
[24/Sep/2022:21:11:08] (P): Inserting attachment...
[24/Sep/2022:21:11:08] (S): Attachment inserted
[24/Sep/2022:21:11:08] (S): Processed attachment.
[24/Sep/2022:21:11:08] (P): Processing attachment: https://s33834.pcdn.co/music-band-gb/wp-content/uploads/sites/482/2019/07/map-2.png...
[24/Sep/2022:21:11:08] (P): Fetching attachment from url: https://s33834.pcdn.co/music-band-gb/wp-content/uploads/sites/482/2019/07/map-2.png...
[24/Sep/2022:21:11:12] (S): Fetched remote attachment.
[24/Sep/2022:21:11:12] (P): Inserting attachment...
[24/Sep/2022:21:11:12] (S): Attachment inserted
[24/Sep/2022:21:11:12] (S): Processed attachment.
[24/Sep/2022:21:11:12] (P): Inserting post: White Hill festival .
[24/Sep/2022:21:11:13] (S): Done inserting post: White Hill festival .
[24/Sep/2022:21:11:14] (P): Inserting post: The Newest Member of The Band: Tony SmARK .
[24/Sep/2022:21:11:14] (S): Done inserting post: The Newest Member of The Band: Tony SmARK .
[24/Sep/2022:21:11:14] (P): Inserting post: We are going to Machella Festival .
[24/Sep/2022:21:11:14] (S): Done inserting post: We are going to Machella Festival .
[24/Sep/2022:21:11:15] (P): Inserting page: Home .
[24/Sep/2022:21:11:15] (S): Done inserting page: Home .
[24/Sep/2022:21:11:16] (P): Processing attachment: https://s33834.pcdn.co/music-band-gb/wp-content/uploads/sites/482/2019/08/music-icon.png...
[24/Sep/2022:21:11:16] (P): Fetching attachment from url: https://s33834.pcdn.co/music-band-gb/wp-content/uploads/sites/482/2019/08/music-icon.png...
[24/Sep/2022:21:11:18] (S): Fetched remote attachment.
[24/Sep/2022:21:11:18] (P): Inserting attachment...
[24/Sep/2022:21:11:18] (S): Attachment inserted
[24/Sep/2022:21:11:18] (S): Processed attachment.
[24/Sep/2022:21:11:18] (P): Inserting wp_block: Heading with subheading .
[24/Sep/2022:21:11:18] (S): Done inserting wp_block: Heading with subheading .
[24/Sep/2022:21:11:19] (P): Inserting wp_block: Button .
[24/Sep/2022:21:11:19] (S): Done inserting wp_block: Button .
[24/Sep/2022:21:11:19] (P): Inserting page: Our Story .
[24/Sep/2022:21:11:19] (S): Done inserting page: Our Story .
[24/Sep/2022:21:11:20] (P): Inserting page: Discography .
[24/Sep/2022:21:11:20] (S): Done inserting page: Discography .
[24/Sep/2022:21:11:21] (P): Inserting page: Album .
[24/Sep/2022:21:11:21] (S): Done inserting page: Album .
[24/Sep/2022:21:11:21] (P): Inserting page: Contact .
[24/Sep/2022:21:11:21] (S): Done inserting page: Contact .
[24/Sep/2022:21:11:22] (P): Inserting page: News .
[24/Sep/2022:21:11:22] (S): Done inserting page: News .
[24/Sep/2022:21:11:22] (P): Processing single menu item ' '...
[24/Sep/2022:21:11:23] (S): Processed single menu item.
[24/Sep/2022:21:11:23] (P): Processing single menu item ' '...
[24/Sep/2022:21:11:23] (S): Processed single menu item.
[24/Sep/2022:21:11:23] (P): Processing single menu item ' '...
[24/Sep/2022:21:11:24] (S): Processed single menu item.
[24/Sep/2022:21:11:24] (P): Processing single menu item ' '...
[24/Sep/2022:21:11:24] (S): Processed single menu item.
[24/Sep/2022:21:11:24] (P): Processing single menu item ' '...
[24/Sep/2022:21:11:25] (S): Processed single menu item.
[24/Sep/2022:21:11:25] (P): Processing single menu item ' '...
[24/Sep/2022:21:11:25] (S): Processed single menu item.
[24/Sep/2022:21:11:25] (P): Inserting custom_css: neve .
[24/Sep/2022:21:11:25] (S): Done inserting custom_css: neve .
[24/Sep/2022:21:11:25] (P): Processing attachment: https://s33834.pcdn.co/music-band-gb/wp-content/uploads/sites/482/2020/12/cropped-ms-logo-2.png...
[24/Sep/2022:21:11:25] (P): Fetching attachment from url: https://s33834.pcdn.co/music-band-gb/wp-content/uploads/sites/482/2020/12/cropped-ms-logo-2.png...
[24/Sep/2022:21:11:26] (S): Fetched remote attachment.
[24/Sep/2022:21:11:26] (P): Inserting attachment...
[24/Sep/2022:21:11:26] (S): Attachment inserted
[24/Sep/2022:21:11:26] (S): Processed attachment.
[24/Sep/2022:21:11:26] (P): Inserting wp_block: Hero .
[24/Sep/2022:21:11:26] (S): Done inserting wp_block: Hero .
[24/Sep/2022:21:11:26] (P): Inserting wp_block: Team 1 .
[24/Sep/2022:21:11:26] (S): Done inserting wp_block: Team 1 .
[24/Sep/2022:21:11:26] (P): Inserting wp_block: Team 2 .
[24/Sep/2022:21:11:26] (S): Done inserting wp_block: Team 2 .
[24/Sep/2022:21:11:26] (P): Inserting wp_block: Find us 1 .
[24/Sep/2022:21:11:26] (S): Done inserting wp_block: Find us 1 .
[24/Sep/2022:21:11:26] (P): Inserting wp_block: Text .
[24/Sep/2022:21:11:26] (S): Done inserting wp_block: Text .
[24/Sep/2022:21:11:26] (P): Inserting wp_block: Albums .
[24/Sep/2022:21:11:26] (S): Done inserting wp_block: Albums .
[24/Sep/2022:21:11:26] (P): Inserting wp_block: Gallery .
[24/Sep/2022:21:11:26] (S): Done inserting wp_block: Gallery .
[24/Sep/2022:21:11:26] (P): Inserting wp_block: Music platforms .
[24/Sep/2022:21:11:26] (S): Done inserting wp_block: Music platforms .
[24/Sep/2022:21:11:26] (P): Inserting wp_block: Find us 2 .
[24/Sep/2022:21:11:26] (S): Done inserting wp_block: Find us 2 .
[24/Sep/2022:21:11:26] (P): Inserting wp_block: Sound-cloud .
[24/Sep/2022:21:11:26] (S): Done inserting wp_block: Sound-cloud .
[24/Sep/2022:21:11:27] (S): Processed posts.
[24/Sep/2022:21:11:27] (P): Cleaning up import with id ...
[24/Sep/2022:21:11:27] (P): Done cleanup. Flushing cache...
[24/Sep/2022:21:11:27] (P): Flushed cache. Removing temporary data..
[24/Sep/2022:21:11:28] (S): Done importing
[24/Sep/2022:21:11:28] (P): Busting elementor cache
[24/Sep/2022:21:11:28] (P): Busting woo cache
[24/Sep/2022:21:11:28] (S): Front page set up with id: 51.
